  [1m[36m (0.9ms)[0m  [1mCREATE TABLE "schema_migrations" ("version" varchar NOT NULL) [0m
  [1m[35m (0.1ms)[0m  select sqlite_version(*)
  [1m[36m (0.8ms)[0m  [1mCREATE UNIQUE INDEX "unique_schema_migrations" ON "schema_migrations" ("version")[0m
  [1m[35mActiveRecord::SchemaMigration Load (0.1ms)[0m  SELECT "schema_migrations".* FROM "schema_migrations"
Migrating to CreateBodystats (20160423173655)
  [1m[36m (0.1ms)[0m  [1mbegin transaction[0m
  [1m[35m (0.5ms)[0m  CREATE TABLE "bodystats" ("id" INTEGER PRIMARY KEY AUTOINCREMENT NOT NULL, "date" date, "body_weight" decimal, "body_water" decimal, "body_fat" decimal, "bone_weight" decimal, "viseral_fat" decimal, "muscle_mass" decimal, "bmi" decimal, "bmr" decimal, "created_at" datetime NOT NULL, "updated_at" datetime NOT NULL) 
  [1m[36mSQL (0.3ms)[0m  [1mINSERT INTO "schema_migrations" ("version") VALUES (?)[0m  [["version", "20160423173655"]]
  [1m[35m (0.8ms)[0m  commit transaction
Migrating to Rename (20160423221109)
  [1m[36m (0.1ms)[0m  [1mbegin transaction[0m
  [1m[35m (2.5ms)[0m  CREATE TEMPORARY TABLE "abodystats" ("id" INTEGER PRIMARY KEY AUTOINCREMENT NOT NULL, "date" date, "body_weight" decimal, "body_water" decimal, "body_fat" decimal, "bone_weight" decimal, "visceral_fat" decimal, "muscle_mass" decimal, "bmi" decimal, "bmr" decimal, "created_at" datetime NOT NULL, "updated_at" datetime NOT NULL) 
  [1m[36m (0.1ms)[0m  [1mSELECT * FROM "bodystats"[0m
  [1m[35m (0.5ms)[0m  DROP TABLE "bodystats"
  [1m[36m (0.2ms)[0m  [1mCREATE TABLE "bodystats" ("id" INTEGER PRIMARY KEY AUTOINCREMENT NOT NULL, "date" date, "body_weight" decimal, "body_water" decimal, "body_fat" decimal, "bone_weight" decimal, "visceral_fat" decimal, "muscle_mass" decimal, "bmi" decimal, "bmr" decimal, "created_at" datetime NOT NULL, "updated_at" datetime NOT NULL) [0m
  [1m[35m (0.1ms)[0m  SELECT * FROM "abodystats"
  [1m[36m (0.4ms)[0m  [1mDROP TABLE "abodystats"[0m
  [1m[35mSQL (0.2ms)[0m  INSERT INTO "schema_migrations" ("version") VALUES (?)  [["version", "20160423221109"]]
  [1m[36m (2.1ms)[0m  [1mcommit transaction[0m
Migrating to ChangeDateColType (20160424164843)
  [1m[35m (0.1ms)[0m  begin transaction
  [1m[36m (0.4ms)[0m  [1mCREATE TEMPORARY TABLE "abodystats" ("id" INTEGER PRIMARY KEY AUTOINCREMENT NOT NULL, "date" date, "body_weight" decimal, "body_water" decimal, "body_fat" decimal, "bone_weight" decimal, "visceral_fat" decimal, "muscle_mass" decimal, "bmi" decimal, "bmr" decimal, "created_at" datetime NOT NULL, "updated_at" datetime NOT NULL) [0m
  [1m[35m (0.2ms)[0m  SELECT * FROM "bodystats"
  [1m[36m (0.4ms)[0m  [1mDROP TABLE "bodystats"[0m
  [1m[35m (0.3ms)[0m  CREATE TABLE "bodystats" ("id" INTEGER PRIMARY KEY AUTOINCREMENT NOT NULL, "date" datetime, "body_weight" decimal, "body_water" decimal, "body_fat" decimal, "bone_weight" decimal, "visceral_fat" decimal, "muscle_mass" decimal, "bmi" decimal, "bmr" decimal, "created_at" datetime NOT NULL, "updated_at" datetime NOT NULL) 
  [1m[36m (0.2ms)[0m  [1mSELECT * FROM "abodystats"[0m
  [1m[35m (0.2ms)[0m  DROP TABLE "abodystats"
  [1m[36mSQL (0.2ms)[0m  [1mINSERT INTO "schema_migrations" ("version") VALUES (?)[0m  [["version", "20160424164843"]]
  [1m[35m (0.7ms)[0m  commit transaction
Migrating to CreateUsers (20160803112637)
  [1m[36m (0.1ms)[0m  [1mbegin transaction[0m
  [1m[35m (0.5ms)[0m  CREATE TABLE "users" ("id" INTEGER PRIMARY KEY AUTOINCREMENT NOT NULL, "name" varchar, "email" varchar, "created_at" datetime NOT NULL, "updated_at" datetime NOT NULL) 
  [1m[36mSQL (0.2ms)[0m  [1mINSERT INTO "schema_migrations" ("version") VALUES (?)[0m  [["version", "20160803112637"]]
  [1m[35m (0.8ms)[0m  commit transaction
  [1m[36mActiveRecord::SchemaMigration Load (0.3ms)[0m  [1mSELECT "schema_migrations".* FROM "schema_migrations"[0m
